2020-12-19 18:37:40.619007 Received Api Key: kronos
2020-12-19 18:37:40.619253 Received File: zen.txt with ID: test-id
2020-12-19 18:38:06.060171 Received Api Key: kronos
2020-12-19 18:38:06.061979 Received File: zen.txt with ID: test-id
2020-12-19 18:48:09.529266 Received Api Key: kronos
2020-12-19 18:48:09.529647 Received File: zen.txt with ID: test-id
2020-12-19 18:48:26.387582 Received Api Key: kronos
2020-12-19 18:48:26.388174 Received File: zen.txt with ID: test-id
2020-12-19 18:51:54.757134 Received Api Key: kronos
2020-12-19 18:51:54.758111 Received File: zen.txt with ID: test-id
2020-12-19 18:52:08.612830 Received Api Key: kronos
2020-12-19 18:52:08.614743 Received File: zen.txt with ID: test-id
2020-12-19 19:07:51.461103 Received Api Key: kronos
2020-12-19 19:07:51.461357 Received File: zen.txt with ID: test-id
2020-12-19 19:11:05.254603 Received Api Key: kronos
2020-12-19 19:11:05.256543 Received File: zen.txt with ID: test-id
2020-12-20 14:37:59.611101 Received Api Key: kronos
2020-12-20 14:38:02.284430 Received Api Key: kronos
2020-12-20 14:38:02.284726 Received File: zen.txt with ID: test-id
2020-12-20 14:38:24.528953 Received Api Key: kronos
2020-12-20 14:38:24.701597 Received Api Key: kronos
2020-12-20 14:38:24.702134 Received File: zen.txt with ID: test-id
2020-12-20 16:29:06.015745 Received API Key: kronos
2020-12-20 16:29:06.171789 API Key: kronos is verified
2020-12-20 16:29:06.203971 Received API Key: kronos
2020-12-20 16:29:06.313355 API Key: kronos is verified
2020-12-20 16:29:06.327007 Received API Key: kronos
2020-12-20 16:29:06.327524 Received File: zen.txt with ID: test-id
2020-12-20 16:29:48.408200 Received API Key: kronos
2020-12-20 16:29:48.580855 API Key: kronos is verified
2020-12-20 16:29:48.582755 ID: test-id does not point to a file
2020-12-20 16:29:48.596345 Received API Key: kronos
2020-12-20 16:29:48.691906 API Key: kronos is verified
2020-12-20 16:29:48.698748 Received API Key: kronos
2020-12-20 16:29:48.699130 Received File: zen.txt with ID: test-id
2020-12-20 16:30:40.464394 Received API Key: kronos
2020-12-20 16:30:42.008355 API Key: kronos is verified
2020-12-20 16:30:42.009899 ID: test-id does not point to a file
2020-12-20 16:30:42.037502 Received API Key: kronos
2020-12-20 16:30:44.187441 API Key: kronos is verified
2020-12-20 16:30:44.206561 Received API Key: kronos
2020-12-20 16:30:44.207603 Received File: zen.txt with ID: test-id
2020-12-20 16:31:32.152420 Received API Key: kronos
2020-12-20 16:31:32.287455 API Key: kronos is verified
2020-12-20 16:31:32.296963 ID: test-id does not point to a file
2020-12-20 16:31:32.313307 Received API Key: kronos
2020-12-20 16:31:32.444652 API Key: kronos is verified
2020-12-20 16:31:32.457696 Received API Key: kronos
2020-12-20 16:31:32.457939 Received File: zen.txt with ID: test-id
2020-12-20 16:34:37.233082 Received API Key: kronos
2020-12-20 16:34:37.375935 API Key: kronos is verified
2020-12-20 16:34:37.376503 ID: test-id does not point to a file
2020-12-20 16:34:37.391349 Received API Key: kronos
2020-12-20 16:34:37.515589 API Key: kronos is verified
2020-12-20 16:34:37.527384 Received API Key: kronos
2020-12-20 16:34:37.527730 Received File: zen.txt with ID: test-id
2020-12-20 16:34:40.315361 Received API Key: kronos
2020-12-20 16:34:40.469382 API Key: kronos is verified
2020-12-20 16:34:40.469991 ID: test-id does not point to a file
2020-12-20 16:34:40.488481 Received API Key: kronos
2020-12-20 16:34:40.635738 API Key: kronos is verified
2020-12-20 16:34:40.655367 Received API Key: kronos
2020-12-20 16:34:40.656775 Received File: zen.txt with ID: test-id
2020-12-20 16:35:52.322729 Received API Key: kronos
2020-12-20 16:35:52.480357 API Key: kronos is verified
2020-12-20 16:35:52.483411 ID: test-id does not point to a file
2020-12-20 16:35:52.526869 Received API Key: kronos
2020-12-20 16:35:52.635867 API Key: kronos is verified
2020-12-20 16:35:52.656148 Received API Key: kronos
2020-12-20 16:35:52.658804 Received File: zen.txt with ID: test-id
2020-12-20 16:46:27.041432 Received API Key: kronos
2020-12-20 16:46:27.041646 Received File: zen.txt with ID: test-id
2020-12-20 16:46:27.485358 Received API Key: kronos
2020-12-20 16:46:27.595731 API Key: kronos is verified
2020-12-20 16:46:27.603693 Received API Key: kronos
2020-12-20 16:46:27.721198 API Key: kronos is verified
2020-12-20 16:46:27.722395 ID: test-id does not point to a file
2020-12-20 16:51:38.645588 Received API Key: kronos
2020-12-20 16:51:38.648821 Received File: zen.txt with ID: test-id
2020-12-20 16:51:39.083230 Received API Key: kronos
2020-12-20 16:51:39.216275 API Key: kronos is verified
2020-12-20 16:51:39.243358 Received API Key: kronos
2020-12-20 16:51:39.352788 API Key: kronos is verified
2020-12-20 16:51:39.353780 ID: test-id does not point to a file
2020-12-20 16:54:22.308447 Received API Key: kronos
2020-12-20 16:54:22.405224 API Key: kronos is verified
2020-12-20 16:54:22.419531 Received API Key: kronos
2020-12-20 16:54:22.540221 API Key: kronos is verified
2020-12-20 16:54:22.542936 ID: test-id does not point to a file
2020-12-20 16:54:50.588495 Received API Key: kronos
2020-12-20 16:54:50.590059 Received File: zen.txt with ID: test-id
2020-12-20 16:54:51.031552 Received API Key: kronos
2020-12-20 16:54:51.168988 API Key: kronos is verified
2020-12-20 16:54:51.189997 Received API Key: kronos
2020-12-20 16:54:51.327156 API Key: kronos is verified
2020-12-20 16:54:51.332073 ID: test-id does not point to a file
2020-12-20 16:55:49.264939 Received API Key: kronos
2020-12-20 16:55:49.266855 Received File: zen.txt with ID: test-id
2020-12-20 16:55:49.755246 Received API Key: kronos
2020-12-20 16:55:49.906770 API Key: kronos is verified
2020-12-20 16:55:49.938982 Received API Key: kronos
2020-12-20 16:55:50.044815 API Key: kronos is verified
2020-12-20 16:55:50.050428 ID: test-id does not point to a file
2020-12-20 17:03:48.197593 Received API Key: kronos
2020-12-20 17:03:48.200290 Received File: zen.txt with ID: test-id
2020-12-20 17:03:48.737187 Received API Key: kronos
2020-12-20 17:03:48.876347 API Key: kronos is verified
2020-12-20 17:03:48.946596 Received API Key: kronos
2020-12-20 17:03:49.051268 API Key: kronos is verified
2020-12-20 17:03:49.060379 ID: test-id does not point to a file
2020-12-20 17:08:22.967913 Received API Key: kronos
2020-12-20 17:08:22.968140 Received File: zen.txt with ID: test-id
2020-12-20 17:08:23.474590 Received API Key: kronos
2020-12-20 17:08:23.571243 API Key: kronos is verified
2020-12-20 17:08:23.583501 Received API Key: kronos
2020-12-20 17:08:23.697395 API Key: kronos is verified
2020-12-20 17:08:23.700073 ID: test-id does not point to a file
2020-12-20 17:10:45.814949 Received API Key: kronos
2020-12-20 17:10:45.815656 Received File: zen.txt with ID: test-id
2020-12-20 17:10:46.294512 Received API Key: kronos
2020-12-20 17:10:46.409137 API Key: kronos is verified
2020-12-20 17:10:46.418339 Received API Key: kronos
2020-12-20 17:10:46.512677 API Key: kronos is verified
2020-12-20 17:10:46.513520 ID: test-id does not point to a file
2020-12-20 17:11:32.364738 Received API Key: kronos
2020-12-20 17:11:32.366013 Received File: zen.txt with ID: test-id
2020-12-20 17:11:32.795135 Received API Key: kronos
2020-12-20 17:11:32.919952 API Key: kronos is verified
2020-12-20 17:11:32.937229 Received API Key: kronos
2020-12-20 17:11:33.087444 API Key: kronos is verified
2020-12-20 17:11:33.095157 ID: test-id does not point to a file
2020-12-20 17:13:28.690791 Received API Key: kronos
2020-12-20 17:13:28.692165 Received File: zen.txt with ID: test-id
2020-12-20 17:13:29.205713 Received API Key: kronos
2020-12-20 17:13:29.356169 API Key: kronos is verified
2020-12-20 17:13:29.377838 Received API Key: kronos
2020-12-20 17:13:29.484078 API Key: kronos is verified
2020-12-20 17:13:29.484670 ID: test-id does not point to a file
2020-12-20 17:14:38.366918 Received API Key: kronos
2020-12-20 17:14:38.367143 Received File: zen.txt with ID: test-id
2020-12-20 17:14:38.906911 Received API Key: kronos
2020-12-20 17:14:39.068404 API Key: kronos is verified
2020-12-20 17:14:39.083732 Received API Key: kronos
2020-12-20 17:14:39.198652 API Key: kronos is verified
2020-12-20 17:14:39.203630 ID: test-id does not point to a file
2020-12-20 18:01:46.300439 Received API Key: kronos
2020-12-20 18:01:46.301172 Received File: zen.txt with ID: test-id
2020-12-20 18:01:46.844531 Received API Key: kronos
2020-12-20 18:01:46.994644 API Key: kronos is verified
2020-12-20 18:01:47.019993 Received API Key: kronos
2020-12-20 18:01:47.156848 API Key: kronos is verified
2020-12-20 18:01:47.160376 ID: test-id does not point to a file
2020-12-20 18:02:23.517958 Received API Key: kronos
2020-12-20 18:02:23.519461 Received File: zen.txt with ID: test-id
2020-12-20 18:02:24.027309 Received API Key: kronos
2020-12-20 18:02:24.173470 API Key: kronos is verified
2020-12-20 18:02:24.193245 Received API Key: kronos
2020-12-20 18:02:24.951831 API Key: kronos is verified
2020-12-20 18:02:24.953565 ID: test-id does not point to a file
2020-12-20 18:03:05.388362 Received API Key: kronos
2020-12-20 18:03:05.390130 Received File: zen.txt with ID: test-id
2020-12-20 18:03:05.900506 Received API Key: kronos
2020-12-20 18:03:06.074342 API Key: kronos is verified
2020-12-20 18:03:06.092501 Received API Key: kronos
2020-12-20 18:03:06.210846 API Key: kronos is verified
2020-12-20 18:03:06.214185 ID: test-id does not point to a file
2020-12-20 18:03:44.320801 Received API Key: kronos
2020-12-20 18:03:44.322164 Received File: zen.txt with ID: test-id
2020-12-20 18:03:44.810912 Received API Key: kronos
2020-12-20 18:03:44.943779 API Key: kronos is verified
2020-12-20 18:03:44.957131 Received API Key: kronos
2020-12-20 18:03:45.097296 API Key: kronos is verified
2020-12-20 18:03:45.099676 ID: test-id does not point to a file
2020-12-20 18:04:25.881962 Received API Key: kronos
2020-12-20 18:04:25.883789 Received File: zen.txt with ID: test-id
2020-12-20 18:04:26.428953 Received API Key: kronos
2020-12-20 18:04:26.557501 API Key: kronos is verified
2020-12-20 18:04:26.571692 Received API Key: kronos
2020-12-20 18:04:26.689775 API Key: kronos is verified
2020-12-20 18:04:26.694400 ID: test-id does not point to a file
2020-12-20 18:07:05.820624 Received API Key: kronos
2020-12-20 18:07:05.822439 Received File: zen.txt with ID: test-id
2020-12-20 18:07:06.368628 Received API Key: kronos
2020-12-20 18:07:06.474139 API Key: kronos is verified
2020-12-20 18:07:06.486348 Received API Key: kronos
2020-12-20 18:07:06.574450 API Key: kronos is verified
2020-12-20 18:07:06.575572 ID: test-id does not point to a file
2020-12-20 18:08:47.093248 Received API Key: kronos
2020-12-20 18:08:47.093455 Received File: zen.txt with ID: test-id
2020-12-20 18:08:47.606583 Received API Key: kronos
2020-12-20 18:08:47.735052 API Key: kronos is verified
2020-12-20 18:08:47.741851 Received API Key: kronos
2020-12-20 18:08:47.868755 API Key: kronos is verified
2020-12-20 18:08:47.870313 ID: test-id does not point to a file
2020-12-20 18:10:06.786250 Received API Key: kronos
2020-12-20 18:10:06.788160 Received File: zen.txt with ID: test-id
2020-12-20 18:10:07.319605 Received API Key: kronos
2020-12-20 18:10:07.470621 API Key: kronos is verified
2020-12-20 18:10:07.491367 Received API Key: kronos
2020-12-20 18:10:07.600181 API Key: kronos is verified
2020-12-20 18:10:07.601665 ID: test-id does not point to a file
2020-12-20 18:12:00.811005 Received API Key: kronos
2020-12-20 18:12:00.812634 Received File: zen.txt with ID: test-id
2020-12-20 18:12:01.342137 Received API Key: kronos
2020-12-20 18:12:01.511520 API Key: kronos is verified
2020-12-20 18:12:01.520717 Received API Key: kronos
2020-12-20 18:12:01.681109 API Key: kronos is verified
2020-12-20 18:12:01.685607 ID: test-id does not point to a file
2020-12-20 18:23:18.278102 Received API Key: kronos
2020-12-20 18:23:18.278316 Received File: zen.txt with ID: test-id
2020-12-20 18:23:18.780244 Received API Key: kronos
2020-12-20 18:23:22.055196 API Key: kronos is verified
2020-12-20 18:23:22.086356 Received API Key: kronos
2020-12-20 18:23:22.231686 API Key: kronos is verified
2020-12-20 18:23:22.233114 ID: test-id does not point to a file
2020-12-21 15:44:05.265932 Received Email: elvis.rodriguez@example.com
2020-12-21 15:44:41.443427 Received Email: elvis.rodriguez@example.com
2020-12-21 15:44:41.606328 Database info: User added to Database
2020-12-21 15:45:14.674613 Received Email: elvis.rodriguez@example.com
2020-12-21 15:45:14.826489 Database info: User added to Database
2020-12-21 15:45:55.489216 Received Email: elvis.rodriguez@example.com
2020-12-21 15:45:55.653376 Database info: User added to Database
2020-12-21 15:48:44.309335 Received Email: elvis.rodriguez@example.com
2020-12-21 15:48:44.496012 Database info: User added to Database
2020-12-21 15:48:44.505030 Received API Key: kronos
2020-12-21 15:48:44.505275 Received File: zen.txt with ID: test-id
2020-12-21 15:49:19.822110 Received Email: elvis.rodriguez@example.com
2020-12-21 15:49:19.975471 Database info: User added to Database
2020-12-21 15:49:19.999548 Received API Key: kronos
2020-12-21 15:49:20.001144 Received File: zen.txt with ID: test-id
2020-12-21 15:49:20.450113 Received API Key: kronos
2020-12-21 15:49:20.580085 API Key: kronos is verified
2020-12-21 15:49:43.770842 Received Email: elvis.rodriguez@example.com
2020-12-21 15:49:43.943255 Database info: User added to Database
2020-12-21 15:49:43.957355 Received API Key: kronos
2020-12-21 15:49:43.957907 Received File: zen.txt with ID: test-id
2020-12-21 15:49:44.456316 Received API Key: kronos
2020-12-21 15:49:44.665871 API Key: kronos is verified
2020-12-21 15:49:44.685509 Received API Key: kronos
2020-12-21 15:49:44.860538 API Key: kronos is verified
2020-12-21 15:49:44.863031 ID: test-id does not point to a file
2020-12-21 16:00:05.417927 Received Email: elvis.rodriguez@example.com
2020-12-21 16:00:05.610716 Database info: User added to Database
2020-12-21 16:00:05.631549 Received API Key: b'WOABn8zoVC6hBQ=='
2020-12-21 16:00:05.632834 Received File: zen.txt with ID: test-id
2020-12-21 16:00:05.762156 Invalid API key b'WOABn8zoVC6hBQ==' received
2020-12-21 16:00:05.776008 Received API Key: b'WOABn8zoVC6hBQ=='
2020-12-21 16:00:05.942286 Invalid API key b'WOABn8zoVC6hBQ==' received
2020-12-21 16:00:56.119233 Received Email: elvis.rodriguez@example.com
2020-12-21 16:00:56.285294 Database info: User added to Database
2020-12-21 16:00:56.293334 Received API Key: WOABn8zoVC6hBQ==
2020-12-21 16:00:56.294601 Received File: zen.txt with ID: test-id
2020-12-21 16:00:56.415857 Invalid API key WOABn8zoVC6hBQ== received
2020-12-21 16:00:56.431206 Received API Key: WOABn8zoVC6hBQ==
2020-12-21 16:00:56.551162 Invalid API key WOABn8zoVC6hBQ== received
2020-12-21 16:01:26.626694 Received Email: elvis.rodriguez@example.com
2020-12-21 16:01:26.783841 Database info: User added to Database
2020-12-21 16:01:26.796218 Received API Key: WOABn8zoVC6hBQ==
2020-12-21 16:01:26.796501 Received File: zen.txt with ID: test-id
2020-12-21 16:01:26.938555 Invalid API key WOABn8zoVC6hBQ== received
2020-12-21 16:01:26.963644 Received API Key: WOABn8zoVC6hBQ==
2020-12-21 16:01:27.127950 Invalid API key WOABn8zoVC6hBQ== received
2020-12-21 16:01:58.482232 Received Email: elvis.rodriguez@example.com
2020-12-21 16:01:58.646149 Database info: User added to Database
2020-12-21 16:01:58.658431 Received API Key: WOABn8zoVC6hBQ==
2020-12-21 16:01:58.659046 Received File: zen.txt with ID: test-id
2020-12-21 16:01:58.766809 Invalid API key WOABn8zoVC6hBQ== received
2020-12-21 16:01:58.780260 Received API Key: WOABn8zoVC6hBQ==
2020-12-21 16:01:58.883677 Invalid API key WOABn8zoVC6hBQ== received
2020-12-21 16:04:08.855293 Received Email: elvis.rodriguez@example.com
2020-12-21 16:04:09.062109 Database info: User added to Database
2020-12-21 16:04:09.075187 Received API Key: WOABn8zoVC6hBQ==
2020-12-21 16:04:09.075491 Received File: zen.txt with ID: test-id
2020-12-21 16:04:09.174851 Invalid API key WOABn8zoVC6hBQ== received
2020-12-21 16:04:09.186812 Received API Key: WOABn8zoVC6hBQ==
2020-12-21 16:04:09.298698 Invalid API key WOABn8zoVC6hBQ== received
2020-12-21 16:05:41.933894 Received Email: elvis.rodriguez@example.com
2020-12-21 16:05:42.160555 Database info: User added to Database
2020-12-21 16:05:42.177173 Received API Key: WOABn8zoVC6hBQ==
2020-12-21 16:05:42.178157 Received File: zen.txt with ID: test-id
2020-12-21 16:05:42.267056 Invalid API key WOABn8zoVC6hBQ== received
2020-12-21 16:05:42.291232 Received API Key: WOABn8zoVC6hBQ==
2020-12-21 16:05:42.422743 Invalid API key WOABn8zoVC6hBQ== received
2020-12-21 16:06:16.421812 Received Email: elvis.rodriguez@example.com
2020-12-21 16:06:17.027145 Database info: User added to Database
2020-12-21 16:06:17.039013 Received API Key: WOABn8zoVC6hBQ==
2020-12-21 16:06:17.039236 Received File: zen.txt with ID: test-id
2020-12-21 16:06:17.170380 Invalid API key WOABn8zoVC6hBQ== received
2020-12-21 16:06:17.181798 Received API Key: WOABn8zoVC6hBQ==
2020-12-21 16:06:17.342734 Invalid API key WOABn8zoVC6hBQ== received
2020-12-21 16:07:14.451973 Received Email: elvis.rodriguez@example.com
2020-12-21 16:07:14.584135 Database info: User added to Database
2020-12-21 16:07:14.594228 Received API Key: WOABn8zoVC6hBQ==
2020-12-21 16:07:14.594606 Received File: zen.txt with ID: test-id
2020-12-21 16:07:14.707678 Invalid API key WOABn8zoVC6hBQ== received
2020-12-21 16:07:14.727302 Received API Key: WOABn8zoVC6hBQ==
2020-12-21 16:07:14.821159 Invalid API key WOABn8zoVC6hBQ== received
2020-12-21 16:10:27.539023 Received Email: elvis.rodriguez@example.com
2020-12-21 16:10:27.697285 New API Key Created: WOABn8zoVC6hBQ==
2020-12-21 16:10:27.708211 Received API Key: WOABn8zoVC6hBQ==
2020-12-21 16:10:27.708485 Received File: zen.txt with ID: test-id
2020-12-21 16:10:27.809168 Invalid API key WOABn8zoVC6hBQ== received
2020-12-21 16:10:27.821329 Received API Key: WOABn8zoVC6hBQ==
2020-12-21 16:10:27.942379 Invalid API key WOABn8zoVC6hBQ== received
2020-12-21 16:13:21.643942 Received Email: elvis.rodriguez@example.com
2020-12-21 16:13:21.802635 New API Key Created: WOABn8zoVC6hBQ==
2020-12-21 16:13:59.668999 Received Email: elvis.rodriguez@example.com
2020-12-21 16:13:59.879623 New API Key Created: WOABn8zoVC6hBQ==
2020-12-21 16:15:19.571796 Received Email: elvis.rodriguez@example.com
2020-12-21 16:15:19.811356 New API Key Created: WOABn8zoVC6hBQ==
2020-12-21 16:16:44.965159 Received Email: elvis.rodriguez@example.com
2020-12-21 16:16:45.123173 New API Key Created: WOABn8zoVC6hBQ==
2020-12-21 16:18:13.057826 Received Email: elvis.rodriguez@example.com
2020-12-21 16:18:13.250939 New API Key Created: WOABn8zoVC6hBQ==
2020-12-21 16:18:42.073657 Received Email: elvis.rodriguez@example.com
2020-12-21 16:18:42.213065 New API Key Created: WOABn8zoVC6hBQ==
2020-12-21 16:22:07.730719 Received Email: elvis.rodriguez@example.com
2020-12-21 16:22:07.895148 New API Key Created: WOABn8zoVC6hBQ==
2020-12-21 16:22:07.910465 Received API Key: WOABn8zoVC6hBQ==
2020-12-21 16:22:07.910689 Received File: zen.txt with ID: test-id
2020-12-21 16:22:08.053201 Invalid API key WOABn8zoVC6hBQ== received
2020-12-21 16:23:29.435735 Received Email: elvis.rodriguez@example.com
2020-12-21 16:23:29.611909 New API Key Created: WOABn8zoVC6hBQ==
2020-12-21 16:23:29.628619 Received API Key: WOABn8zoVC6hBQ==
2020-12-21 16:23:29.629067 Received File: zen.txt with ID: test-id
2020-12-21 16:23:29.763103 Invalid API key WOABn8zoVC6hBQ== received
2020-12-21 16:24:08.633231 Received Email: elvis.rodriguez@example.com
2020-12-21 16:24:08.810254 New API Key Created: WOABn8zoVC6hBQ==
2020-12-21 16:24:08.825613 Received API Key: WOABn8zoVC6hBQ==
2020-12-21 16:24:08.825882 Received File: zen.txt with ID: test-id
2020-12-21 16:24:08.948258 Invalid API key WOABn8zoVC6hBQ== received
2020-12-21 16:27:12.698626 Received Email: elvis.rodriguez@example.com
2020-12-21 16:27:12.855202 New API Key Created: WOABn8zoVC6hBQ==
2020-12-21 16:27:12.870879 Received API Key: WOABn8zoVC6hBQ==
2020-12-21 16:27:12.871117 Received File: zen.txt with ID: test-id
2020-12-21 16:27:12.997095 Invalid API key WOABn8zoVC6hBQ== received
2020-12-21 16:31:13.569528 Received Email: elvis.rodriguez@example.com
2020-12-21 16:31:13.770704 New API Key Created: WOABn8zoVC6hBQ==
2020-12-21 16:31:13.783129 Received API Key: WOABn8zoVC6hBQ==
2020-12-21 16:31:13.783364 Received File: zen.txt with ID: test-id
2020-12-21 16:31:13.921398 Invalid API key WOABn8zoVC6hBQ== received
2020-12-21 16:31:59.845435 Received Email: elvis.rodriguez@example.com
2020-12-21 16:32:00.238470 Received API Key: WOABn8zoVC6hBQ==
2020-12-21 16:32:00.238778 Received File: zen.txt with ID: test-id
2020-12-21 16:32:00.353154 Invalid API key WOABn8zoVC6hBQ== received
2020-12-21 16:38:45.600542 Received Email: elvis.rodriguez@example.com
2020-12-21 16:38:45.798918 New API Key Created: WOABn8zoVC6hBQ==
2020-12-21 16:38:45.809482 Received API Key: WOABn8zoVC6hBQ==
2020-12-21 16:38:45.810016 Received File: zen.txt with ID: test-id
2020-12-21 16:38:45.934099 Invalid API key WOABn8zoVC6hBQ== received
2020-12-21 16:39:12.654672 Received Email: elvis.rodriguez@example.com
2020-12-21 16:39:12.790797 New API Key Created: WOABn8zoVC6hBQ==
2020-12-21 16:39:12.804552 Received API Key: WOABn8zoVC6hBQ==
2020-12-21 16:39:12.805233 Received File: zen.txt with ID: test-id
2020-12-21 16:39:12.941490 Invalid API key WOABn8zoVC6hBQ== received
2020-12-21 16:39:58.145991 Received Email: elvis.rodriguez@example.com
2020-12-21 16:39:58.279949 New API Key Created: WOABn8zoVC6hBQ==
2020-12-21 16:39:58.291484 Received API Key: WOABn8zoVC6hBQ==
2020-12-21 16:39:58.292090 Received File: zen.txt with ID: test-id
2020-12-21 16:39:58.895633 Invalid API key WOABn8zoVC6hBQ== received
2020-12-21 16:41:06.983202 Received Email: elvis.rodriguez@example.com
2020-12-21 16:41:07.139301 New API Key Created: WOABn8zoVC6hBQ==
2020-12-21 16:41:07.149780 Received API Key: WOABn8zoVC6hBQ==
2020-12-21 16:41:07.150534 Received File: zen.txt with ID: test-id
2020-12-21 16:41:07.274706 Invalid API key WOABn8zoVC6hBQ== received
2020-12-21 16:41:26.317225 Received Email: elvis.rodriguez@example.com
2020-12-21 16:41:26.519887 New API Key Created: WOABn8zoVC6hBQ==
2020-12-21 16:41:26.537476 Received API Key: WOABn8zoVC6hBQ==
2020-12-21 16:41:26.537737 Received File: zen.txt with ID: test-id
2020-12-21 16:41:26.680375 Invalid API key WOABn8zoVC6hBQ== received
2020-12-21 16:42:22.345495 Received Email: elvis.rodriguez@example.com
2020-12-21 16:42:22.521827 New API Key Created: WOABn8zoVC6hBQ==
2020-12-21 16:42:22.532586 Received API Key: WOABn8zoVC6hBQ==
2020-12-21 16:42:22.533192 Received File: zen.txt with ID: test-id
2020-12-21 16:42:22.693031 Invalid API key WOABn8zoVC6hBQ== received
2020-12-21 16:44:31.582134 Received Email: elvis.rodriguez@example.com
2020-12-21 16:44:31.762341 New API Key Created: WOABn8zoVC6hBQ==
2020-12-21 16:44:31.776682 Received API Key: WOABn8zoVC6hBQ==
2020-12-21 16:44:31.776912 Received File: zen.txt with ID: test-id
2020-12-21 16:44:31.903807 Invalid API key WOABn8zoVC6hBQ== received
2020-12-21 16:51:20.410637 Received Email: elvis.rodriguez@example.com
2020-12-21 16:51:20.571699 New API Key Created: WOABn8zoVC6hBQ==
2020-12-21 16:51:20.587200 Received API Key: WOABn8zoVC6hBQ==
2020-12-21 16:51:20.587490 Received File: zen.txt with ID: test-id
2020-12-21 16:51:20.702949 Invalid API key WOABn8zoVC6hBQ== received
2020-12-21 16:52:54.968064 Received Email: elvis.rodriguez@example.com
2020-12-21 16:52:57.500514 New API Key Created: WOABn8zoVC6hBQ==
2020-12-21 16:52:57.522586 Received API Key: WOABn8zoVC6hBQ==
2020-12-21 16:52:57.522816 Received File: zen.txt with ID: test-id
2020-12-21 16:52:59.474859 Invalid API key WOABn8zoVC6hBQ== received
2020-12-21 16:53:15.893206 Received Email: elvis.rodriguez@example.com
2020-12-21 16:53:16.075289 New API Key Created: WOABn8zoVC6hBQ==
2020-12-21 16:53:16.091092 Received API Key: WOABn8zoVC6hBQ==
2020-12-21 16:53:16.091648 Received File: zen.txt with ID: test-id
2020-12-21 16:53:16.248311 Invalid API key WOABn8zoVC6hBQ== received
2020-12-21 16:55:47.423697 Received Email: elvis.rodriguez@example.com
2020-12-21 16:55:47.555257 New API Key Created: WOABn8zoVC6hBQ==
2020-12-21 16:55:47.570733 Received API Key: WOABn8zoVC6hBQ==
2020-12-21 16:55:47.570978 Received File: zen.txt with ID: test-id
2020-12-21 16:55:47.683301 Invalid API key WOABn8zoVC6hBQ== received
2020-12-21 17:28:20.998515 Received Email: elvis.rodriguez@example.com
2020-12-21 17:28:21.179869 New API Key Created: WOABn8zoVC6hBQ==
2020-12-21 17:28:21.197623 Received API Key: WOABn8zoVC6hBQ==
2020-12-21 17:28:21.201880 Received File: zen.txt with ID: test-id
2020-12-21 17:28:21.357259 Invalid API key WOABn8zoVC6hBQ== received
2020-12-21 17:29:25.561064 Received Email: elvis.rodriguez@example.com
2020-12-21 17:29:25.827746 New API Key Created: WOABn8zoVC6hBQ==
2020-12-21 17:29:25.839607 Received API Key: WOABn8zoVC6hBQ==
2020-12-21 17:29:25.839879 Received File: zen.txt with ID: test-id
2020-12-21 17:29:26.004052 Invalid API key WOABn8zoVC6hBQ== received
2020-12-21 17:30:56.926243 Received Email: elvis.rodriguez@example.com
2020-12-21 17:30:57.089496 New API Key Created: WOABn8zoVC6hBQ==
2020-12-21 17:30:57.104280 Received API Key: WOABn8zoVC6hBQ==
2020-12-21 17:30:57.104534 Received File: zen.txt with ID: test-id
2020-12-21 17:30:57.237529 Invalid API key WOABn8zoVC6hBQ== received
2020-12-21 17:31:18.395475 Received Email: elvis.rodriguez@example.com
2020-12-21 17:31:18.596854 New API Key Created: WOABn8zoVC6hBQ==
2020-12-21 17:31:18.634464 Received API Key: WOABn8zoVC6hBQ==
2020-12-21 17:31:18.635088 Received File: zen.txt with ID: test-id
2020-12-21 17:31:18.798973 Invalid API key WOABn8zoVC6hBQ== received
2020-12-21 17:33:12.518947 Received Email: elvis.rodriguez@example.com
2020-12-21 17:33:12.580669 New API Key Created: WOABn8zoVC6hBQ==
2020-12-21 17:33:12.613559 Received API Key: WOABn8zoVC6hBQ==
2020-12-21 17:33:12.614204 Received File: zen.txt with ID: test-id
2020-12-21 17:35:16.164369 Received Email: elvis.rodriguez@example.com
2020-12-21 17:35:16.327914 New API Key Created: WOABn8zoVC6hBQ==
2020-12-21 17:35:16.345822 Received API Key: WOABn8zoVC6hBQ==
2020-12-21 17:35:16.347177 Received File: zen.txt with ID: test-id
2020-12-21 17:35:17.158651 Received API Key: WOABn8zoVC6hBQ==
2020-12-21 17:35:17.164908 API Key: WOABn8zoVC6hBQ== is verified
2020-12-21 17:35:37.098456 Received Email: elvis.rodriguez@example.com
2020-12-21 17:35:37.145241 New API Key Created: WOABn8zoVC6hBQ==
2020-12-21 17:35:37.161775 Received API Key: WOABn8zoVC6hBQ==
2020-12-21 17:35:37.166581 Received File: zen.txt with ID: test-id
2020-12-21 17:35:37.167869 Invalid ID: test-id received
2020-12-21 17:35:37.199615 Received API Key: WOABn8zoVC6hBQ==
2020-12-21 17:35:37.203494 API Key: WOABn8zoVC6hBQ== is verified
2020-12-21 17:35:37.234733 Received API Key: WOABn8zoVC6hBQ==
2020-12-21 17:35:37.236254 API Key: WOABn8zoVC6hBQ== is verified
2020-12-21 17:35:37.240534 zen.txt retrieved using test-id
2020-12-21 17:38:31.260075 Received Email: elvis.rodriguez@example.com
2020-12-21 17:38:31.309830 New API Key Created: WOABn8zoVC6hBQ==
2020-12-21 17:38:31.342710 Received API Key: WOABn8zoVC6hBQ==
2020-12-21 17:38:31.347283 Received File: zen.txt with ID: test-id
2020-12-21 17:38:31.747210 Received API Key: WOABn8zoVC6hBQ==
2020-12-21 17:38:31.758270 API Key: WOABn8zoVC6hBQ== is verified
2020-12-21 17:38:31.790864 Received API Key: WOABn8zoVC6hBQ==
2020-12-21 17:38:31.792999 API Key: WOABn8zoVC6hBQ== is verified
2020-12-21 17:38:31.793987 zen.txt retrieved using test-id
2020-12-21 17:39:43.712049 Received Email: elvis.rodriguez@example.com
2020-12-21 17:39:43.749802 New API Key Created: WOABn8zoVC6hBQ==
2020-12-21 17:39:43.766496 Received API Key: WOABn8zoVC6hBQ==
2020-12-21 17:39:43.766724 Received File: zen.txt with ID: test-id
2020-12-21 17:39:44.203701 Received API Key: WOABn8zoVC6hBQ==
2020-12-21 17:39:44.210702 API Key: WOABn8zoVC6hBQ== is verified
2020-12-21 17:39:44.246488 Received API Key: WOABn8zoVC6hBQ==
2020-12-21 17:39:44.249998 API Key: WOABn8zoVC6hBQ== is verified
2020-12-21 17:39:44.251449 zen.txt retrieved using test-id
2020-12-21 17:41:02.163711 Received Email: elvis.rodriguez@example.com
2020-12-21 17:41:02.224431 New API Key Created: WOABn8zoVC6hBQ==
2020-12-21 17:41:02.247744 Received API Key: WOABn8zoVC6hBQ==
2020-12-21 17:41:02.248768 Received File: zen.txt with ID: test-id
2020-12-21 17:41:02.702014 Received API Key: WOABn8zoVC6hBQ==
2020-12-21 17:41:02.717126 API Key: WOABn8zoVC6hBQ== is verified
2020-12-21 17:41:02.756326 Received API Key: WOABn8zoVC6hBQ==
2020-12-21 17:41:02.758103 API Key: WOABn8zoVC6hBQ== is verified
2020-12-21 17:41:02.766613 zen.txt retrieved using test-id
2020-12-21 17:41:42.013285 Received Email: elvis.rodriguez@example.com
2020-12-21 17:41:42.057248 New API Key Created: WOABn8zoVC6hBQ==
2020-12-21 17:41:42.075383 Received API Key: WOABn8zoVC6hBQ==
2020-12-21 17:41:42.081623 Received File: zen.txt with ID: test-id
2020-12-21 17:41:42.498046 Received API Key: WOABn8zoVC6hBQ==
2020-12-21 17:41:42.503632 API Key: WOABn8zoVC6hBQ== is verified
2020-12-21 17:41:42.529968 Received API Key: WOABn8zoVC6hBQ==
2020-12-21 17:41:42.534232 API Key: WOABn8zoVC6hBQ== is verified
2020-12-21 17:41:42.536771 zen.txt retrieved using test-id
2020-12-21 17:42:42.536976 Received Email: elvis.rodriguez@example.com
2020-12-21 17:42:42.593244 New API Key Created: WOABn8zoVC6hBQ==
2020-12-21 17:42:42.644081 Received API Key: WOABn8zoVC6hBQ==
2020-12-21 17:42:42.652489 Received File: zen.txt with ID: test-id
2020-12-21 17:42:43.052160 Received API Key: WOABn8zoVC6hBQ==
2020-12-21 17:42:43.055543 API Key: WOABn8zoVC6hBQ== is verified
2020-12-21 17:42:43.085125 Received API Key: WOABn8zoVC6hBQ==
2020-12-21 17:42:43.086555 API Key: WOABn8zoVC6hBQ== is verified
2020-12-21 17:42:43.087247 zen.txt retrieved using test-id
2020-12-21 17:47:31.591791 Received Email: elvis.rodriguez@example.com
2020-12-21 17:47:31.648189 New API Key Created: WOABn8zoVC6hBQ==
2020-12-21 17:47:31.673384 Received API Key: WOABn8zoVC6hBQ==
2020-12-21 17:47:31.674081 Received File: zen.txt with ID: test-id
2020-12-21 17:47:32.131593 Received API Key: WOABn8zoVC6hBQ==
2020-12-21 17:47:32.138953 API Key: WOABn8zoVC6hBQ== is verified
2020-12-21 17:47:32.157257 Received API Key: WOABn8zoVC6hBQ==
2020-12-21 17:47:32.162657 API Key: WOABn8zoVC6hBQ== is verified
2020-12-21 17:47:32.165022 zen.txt retrieved using test-id
2020-12-21 18:38:11.570032 Received Email: elvis.rodriguez@example.com
2020-12-21 18:38:11.610597 New API Key Created: WOABn8zoVC6hBQ==
2020-12-21 18:38:11.635833 Received API Key: WOABn8zoVC6hBQ==
2020-12-21 18:38:11.636348 Received File: zen.txt with ID: test-id
2020-12-21 18:38:11.996288 Received API Key: WOABn8zoVC6hBQ==
2020-12-21 18:38:11.997729 API Key: WOABn8zoVC6hBQ== is verified
2020-12-21 18:38:12.006265 Received API Key: WOABn8zoVC6hBQ==
2020-12-21 18:38:12.006947 API Key: WOABn8zoVC6hBQ== is verified
2020-12-21 18:38:12.007865 zen.txt retrieved using test-id
2020-12-21 18:38:12.249161 Received API Key: WOABn8zoVC6hBQ==
2020-12-21 18:38:12.253574 API Key: WOABn8zoVC6hBQ== is verified
2020-12-21 18:38:12.254150 zen.txt retrieved using test-id
2020-12-21 18:39:06.975619 Received Email: elvis.rodriguez@example.com
2020-12-21 18:39:07.021900 New API Key Created: WOABn8zoVC6hBQ==
2020-12-21 18:39:07.043916 Received API Key: WOABn8zoVC6hBQ==
2020-12-21 18:39:07.045815 Received File: zen.txt with ID: test-id
2020-12-21 18:39:07.046640 Invalid ID: test-id received
2020-12-21 18:39:07.053370 Received API Key: WOABn8zoVC6hBQ==
2020-12-21 18:39:07.054342 API Key: WOABn8zoVC6hBQ== is verified
2020-12-21 18:39:07.068868 Received API Key: WOABn8zoVC6hBQ==
2020-12-21 18:39:07.069866 API Key: WOABn8zoVC6hBQ== is verified
2020-12-21 18:39:07.070839 zen.txt retrieved using test-id
2020-12-21 18:39:28.797640 Received Email: elvis.rodriguez@example.com
2020-12-21 18:39:28.847199 New API Key Created: WOABn8zoVC6hBQ==
2020-12-21 18:39:28.868291 Received API Key: WOABn8zoVC6hBQ==
2020-12-21 18:39:28.869689 Received File: zen.txt with ID: test-id
2020-12-21 18:39:28.870525 Invalid ID: test-id received
2020-12-21 18:39:28.883882 Received API Key: WOABn8zoVC6hBQ==
2020-12-21 18:39:28.886998 API Key: WOABn8zoVC6hBQ== is verified
2020-12-21 18:39:28.902988 Received API Key: WOABn8zoVC6hBQ==
2020-12-21 18:39:28.904298 API Key: WOABn8zoVC6hBQ== is verified
2020-12-21 18:39:28.905129 zen.txt retrieved using test-id
2020-12-21 18:40:20.504736 Received Email: elvis.rodriguez@example.com
2020-12-21 18:40:20.550521 New API Key Created: WOABn8zoVC6hBQ==
2020-12-21 18:40:20.573167 Received API Key: WOABn8zoVC6hBQ==
2020-12-21 18:40:20.573543 Received File: zen.txt with ID: test-id
2020-12-21 18:40:20.574170 Invalid ID: test-id received
2020-12-21 18:40:20.583228 Received API Key: WOABn8zoVC6hBQ==
2020-12-21 18:40:20.584078 API Key: WOABn8zoVC6hBQ== is verified
2020-12-21 18:40:20.599074 Received API Key: WOABn8zoVC6hBQ==
2020-12-21 18:40:20.599741 API Key: WOABn8zoVC6hBQ== is verified
2020-12-21 18:40:20.600233 zen.txt retrieved using test-id
2020-12-21 18:40:54.893657 Received Email: elvis.rodriguez@example.com
2020-12-21 18:40:54.938125 New API Key Created: WOABn8zoVC6hBQ==
2020-12-21 18:40:54.951150 Received API Key: WOABn8zoVC6hBQ==
2020-12-21 18:40:54.952426 Received File: zen.txt with ID: test-id
2020-12-21 18:40:54.954131 Invalid ID: test-id received
2020-12-21 18:40:54.966202 Received API Key: WOABn8zoVC6hBQ==
2020-12-21 18:40:54.968209 API Key: WOABn8zoVC6hBQ== is verified
2020-12-21 18:43:28.171900 Received Email: elvis.rodriguez@example.com
2020-12-21 18:43:28.210484 New API Key Created: WOABn8zoVC6hBQ==
2020-12-21 18:43:28.228752 Received API Key: WOABn8zoVC6hBQ==
2020-12-21 18:43:28.229518 Received File: zen.txt with ID: test-id
2020-12-21 18:43:28.231709 Invalid ID: test-id received
2020-12-21 18:43:28.250201 Received API Key: WOABn8zoVC6hBQ==
2020-12-21 18:43:28.252901 API Key: WOABn8zoVC6hBQ== is verified
2020-12-21 18:43:28.267424 Received API Key: WOABn8zoVC6hBQ==
2020-12-21 18:43:28.268532 API Key: WOABn8zoVC6hBQ== is verified
2020-12-21 18:43:28.269120 zen.txt retrieved using test-id
2020-12-21 18:43:28.519319 Received API Key: WOABn8zoVC6hBQ==
2020-12-21 18:43:28.520349 API Key: WOABn8zoVC6hBQ== is verified
2020-12-21 18:43:28.524938 zen.txt retrieved using test-id
2020-12-21 22:32:22.709342 Received Email: elvis.rodriguez@example.com
2020-12-21 22:32:22.754812 New API Key Created: WOABn8zoVC6hBQ==
2020-12-21 22:32:22.777136 Received API Key: WOABn8zoVC6hBQ==
2020-12-21 22:32:22.778108 Received File: zen.txt with ID: test-id
2020-12-21 22:32:22.779381 Invalid ID: test-id received
2020-12-21 22:32:22.788397 Received API Key: WOABn8zoVC6hBQ==
2020-12-21 22:32:22.789071 API Key: WOABn8zoVC6hBQ== is verified
2020-12-21 22:32:22.798325 Received API Key: WOABn8zoVC6hBQ==
2020-12-21 22:32:22.798962 API Key: WOABn8zoVC6hBQ== is verified
2020-12-21 22:32:22.799425 zen.txt retrieved using test-id
2020-12-21 22:32:23.077161 Received API Key: WOABn8zoVC6hBQ==
2020-12-21 22:32:23.077925 API Key: WOABn8zoVC6hBQ== is verified
2020-12-21 22:32:23.080057 zen.txt retrieved using test-id
2020-12-21 22:33:24.881624 Received Email: elvis.rodriguez@example.com
2020-12-21 22:33:24.924031 New API Key Created: WOABn8zoVC6hBQ==
2020-12-21 22:33:24.949667 Received API Key: WOABn8zoVC6hBQ==
2020-12-21 22:33:24.950452 Received File: zen.txt with ID: test-id
2020-12-21 22:33:24.951579 Invalid ID: test-id received
2020-12-21 22:33:24.960073 Received API Key: WOABn8zoVC6hBQ==
2020-12-21 22:33:24.961287 API Key: WOABn8zoVC6hBQ== is verified
2020-12-21 22:40:02.310344 Received Email: elvis.rodriguez@example.com
2020-12-21 22:40:02.352460 New API Key Created: WOABn8zoVC6hBQ==
2020-12-21 22:40:02.375547 Received API Key: WOABn8zoVC6hBQ==
2020-12-21 22:40:02.376307 Received File: zen.txt with ID: test-id
2020-12-21 22:40:02.764605 Received API Key: WOABn8zoVC6hBQ==
2020-12-21 22:40:02.770801 API Key: WOABn8zoVC6hBQ== is verified
2020-12-21 22:40:02.784553 Received API Key: WOABn8zoVC6hBQ==
2020-12-21 22:40:02.786050 API Key: WOABn8zoVC6hBQ== is verified
2020-12-21 22:40:02.786854 zen.txt retrieved using test-id
2020-12-21 22:40:44.218078 Received Email: elvis.rodriguez@example.com
2020-12-21 22:40:44.257577 New API Key Created: WOABn8zoVC6hBQ==
2020-12-21 22:40:44.281132 Received API Key: WOABn8zoVC6hBQ==
2020-12-21 22:40:44.283311 Received File: zen.txt with ID: test-id
2020-12-21 22:40:44.291174 Invalid ID: test-id received
2020-12-21 22:40:44.301263 Received API Key: WOABn8zoVC6hBQ==
2020-12-21 22:40:44.301902 API Key: WOABn8zoVC6hBQ== is verified
2020-12-21 22:40:44.311908 Received API Key: WOABn8zoVC6hBQ==
2020-12-21 22:40:44.313127 API Key: WOABn8zoVC6hBQ== is verified
2020-12-21 22:40:44.314481 zen.txt retrieved using test-id
2020-12-21 22:40:44.588359 Received API Key: WOABn8zoVC6hBQ==
2020-12-21 22:40:44.590231 API Key: WOABn8zoVC6hBQ== is verified
2020-12-21 22:40:44.591053 zen.txt retrieved using test-id
2020-12-21 22:44:24.455729 Received Email: elvis.rodriguez@example.com
2020-12-21 22:44:24.491998 New API Key Created: WOABn8zoVC6hBQ==
2020-12-21 22:44:24.510514 Received API Key: WOABn8zoVC6hBQ==
2020-12-21 22:44:24.511477 Received File: zen.txt with ID: test-id
2020-12-21 22:44:24.512623 Invalid ID: test-id received
2020-12-21 22:44:24.525147 Received API Key: WOABn8zoVC6hBQ==
2020-12-21 22:44:24.527645 API Key: WOABn8zoVC6hBQ== is verified
2020-12-21 22:44:24.540815 Received API Key: WOABn8zoVC6hBQ==
2020-12-21 22:44:24.541481 API Key: WOABn8zoVC6hBQ== is verified
2020-12-21 22:44:24.542064 zen.txt retrieved using test-id
2020-12-21 22:44:24.780641 Received API Key: WOABn8zoVC6hBQ==
2020-12-21 22:44:24.781602 API Key: WOABn8zoVC6hBQ== is verified
2020-12-21 22:44:24.782282 zen.txt retrieved using test-id
2020-12-21 22:45:05.323839 Received Email: elvis.rodriguez@example.com
2020-12-21 22:45:05.360002 New API Key Created: WOABn8zoVC6hBQ==
2020-12-21 22:45:05.368106 Received API Key: WOABn8zoVC6hBQ==
2020-12-21 22:45:05.369539 Received File: zen.txt with ID: test-id
2020-12-21 22:45:05.371003 Invalid ID: test-id received
2020-12-21 22:45:05.378625 Received API Key: WOABn8zoVC6hBQ==
2020-12-21 22:45:05.379813 API Key: WOABn8zoVC6hBQ== is verified
2020-12-21 22:45:05.389976 Received API Key: WOABn8zoVC6hBQ==
2020-12-21 22:45:05.392282 API Key: WOABn8zoVC6hBQ== is verified
2020-12-21 22:45:05.393635 zen.txt retrieved using test-id
2020-12-21 22:45:07.747823 Received Email: elvis.rodriguez@example.com
2020-12-21 22:45:07.789945 New API Key Created: WOABn8zoVC6hBQ==
2020-12-21 22:45:07.811315 Received API Key: WOABn8zoVC6hBQ==
2020-12-21 22:45:07.814904 Received File: zen.txt with ID: test-id
2020-12-21 22:45:07.823335 Invalid ID: test-id received
2020-12-21 22:45:07.833124 Received API Key: WOABn8zoVC6hBQ==
2020-12-21 22:45:07.834746 API Key: WOABn8zoVC6hBQ== is verified
2020-12-21 22:45:07.845797 Received API Key: WOABn8zoVC6hBQ==
2020-12-21 22:45:07.847028 API Key: WOABn8zoVC6hBQ== is verified
2020-12-21 22:45:07.848872 zen.txt retrieved using test-id
2020-12-21 22:45:09.167826 Received Email: elvis.rodriguez@example.com
2020-12-21 22:45:09.205901 New API Key Created: WOABn8zoVC6hBQ==
2020-12-21 22:45:09.232439 Received API Key: WOABn8zoVC6hBQ==
2020-12-21 22:45:09.232764 Received File: zen.txt with ID: test-id
2020-12-21 22:45:09.235814 Invalid ID: test-id received
2020-12-21 22:45:09.248685 Received API Key: WOABn8zoVC6hBQ==
2020-12-21 22:45:09.249344 API Key: WOABn8zoVC6hBQ== is verified
2020-12-21 22:45:09.262121 Received API Key: WOABn8zoVC6hBQ==
2020-12-21 22:45:09.264071 API Key: WOABn8zoVC6hBQ== is verified
2020-12-21 22:45:09.265326 zen.txt retrieved using test-id
2020-12-21 22:45:10.512593 Received Email: elvis.rodriguez@example.com
2020-12-21 22:45:10.557271 New API Key Created: WOABn8zoVC6hBQ==
2020-12-21 22:45:10.586738 Received API Key: WOABn8zoVC6hBQ==
2020-12-21 22:45:10.586999 Received File: zen.txt with ID: test-id
2020-12-21 22:45:10.587542 Invalid ID: test-id received
2020-12-21 22:45:10.599024 Received API Key: WOABn8zoVC6hBQ==
2020-12-21 22:45:10.600212 API Key: WOABn8zoVC6hBQ== is verified
2020-12-21 22:45:10.615910 Received API Key: WOABn8zoVC6hBQ==
2020-12-21 22:45:10.620791 API Key: WOABn8zoVC6hBQ== is verified
2020-12-21 22:45:10.622148 zen.txt retrieved using test-id
2020-12-21 22:45:11.917484 Received Email: elvis.rodriguez@example.com
2020-12-21 22:45:11.959357 New API Key Created: WOABn8zoVC6hBQ==
2020-12-21 22:45:11.972148 Received API Key: WOABn8zoVC6hBQ==
2020-12-21 22:45:11.972650 Received File: zen.txt with ID: test-id
2020-12-21 22:45:11.975116 Invalid ID: test-id received
2020-12-21 22:45:11.985588 Received API Key: WOABn8zoVC6hBQ==
2020-12-21 22:45:11.986487 API Key: WOABn8zoVC6hBQ== is verified
2020-12-21 22:45:12.000328 Received API Key: WOABn8zoVC6hBQ==
2020-12-21 22:45:12.003928 API Key: WOABn8zoVC6hBQ== is verified
2020-12-21 22:45:12.004964 zen.txt retrieved using test-id
2020-12-21 22:45:13.270464 Received Email: elvis.rodriguez@example.com
2020-12-21 22:45:13.312154 New API Key Created: WOABn8zoVC6hBQ==
2020-12-21 22:45:13.340179 Received API Key: WOABn8zoVC6hBQ==
2020-12-21 22:45:13.340483 Received File: zen.txt with ID: test-id
2020-12-21 22:45:13.342138 Invalid ID: test-id received
2020-12-21 22:45:13.348877 Received API Key: WOABn8zoVC6hBQ==
2020-12-21 22:45:13.349536 API Key: WOABn8zoVC6hBQ== is verified
2020-12-21 22:45:13.363693 Received API Key: WOABn8zoVC6hBQ==
2020-12-21 22:45:13.364705 API Key: WOABn8zoVC6hBQ== is verified
2020-12-21 22:45:13.365601 zen.txt retrieved using test-id
2020-12-21 22:45:22.544317 Received Email: elvis.rodriguez@example.com
2020-12-21 22:45:22.584225 New API Key Created: WOABn8zoVC6hBQ==
2020-12-21 22:45:22.610456 Received API Key: WOABn8zoVC6hBQ==
2020-12-21 22:45:22.611853 Received File: zen.txt with ID: test-id
2020-12-21 22:45:22.613328 Invalid ID: test-id received
2020-12-21 22:45:22.633155 Received API Key: WOABn8zoVC6hBQ==
2020-12-21 22:45:22.637028 API Key: WOABn8zoVC6hBQ== is verified
2020-12-21 22:45:24.157642 Received Email: elvis.rodriguez@example.com
2020-12-21 22:45:24.216943 New API Key Created: WOABn8zoVC6hBQ==
2020-12-21 22:45:24.236523 Received API Key: WOABn8zoVC6hBQ==
2020-12-21 22:45:24.237523 Received File: zen.txt with ID: test-id
2020-12-21 22:45:24.238655 Invalid ID: test-id received
2020-12-21 22:45:24.246119 Received API Key: WOABn8zoVC6hBQ==
2020-12-21 22:45:24.247084 API Key: WOABn8zoVC6hBQ== is verified
2020-12-21 22:45:25.906179 Received Email: elvis.rodriguez@example.com
2020-12-21 22:45:25.955449 New API Key Created: WOABn8zoVC6hBQ==
2020-12-21 22:45:25.979913 Received API Key: WOABn8zoVC6hBQ==
2020-12-21 22:45:25.980197 Received File: zen.txt with ID: test-id
2020-12-21 22:45:25.980893 Invalid ID: test-id received
2020-12-21 22:45:25.997307 Received API Key: WOABn8zoVC6hBQ==
2020-12-21 22:45:25.998274 API Key: WOABn8zoVC6hBQ== is verified
2020-12-21 22:50:46.989008 Received Email: elvis.rodriguez@example.com
2020-12-21 22:50:47.035875 New API Key Created: WOABn8zoVC6hBQ==
2020-12-21 22:50:47.055757 Received API Key: WOABn8zoVC6hBQ==
2020-12-21 22:50:47.056652 Received File: zen.txt with ID: test-id
2020-12-21 22:50:47.057613 Invalid ID: test-id received
2020-12-21 22:50:47.084046 Received API Key: WOABn8zoVC6hBQ==
2020-12-21 22:50:47.087855 API Key: WOABn8zoVC6hBQ== is verified
2020-12-21 23:05:00.319335 Received Email: elvis.rodriguez@example.com
2020-12-21 23:05:00.373996 New API Key Created: WOABn8zoVC6hBQ==
2020-12-21 23:05:00.396960 Received API Key: WOABn8zoVC6hBQ==
2020-12-21 23:05:00.397211 Received File: zen.txt with ID: test-id
2020-12-21 23:05:00.399564 Invalid ID: test-id received
2020-12-21 23:05:00.414526 Received API Key: WOABn8zoVC6hBQ==
2020-12-21 23:05:00.417716 API Key: WOABn8zoVC6hBQ== is verified
